TEMP FAULT #1
VOLT FAULT #1
VOLT FAULT #2
VOLT FAULT #3
TEMP FAULT #2
VOLT FAULT #4
TEMP FAULT #3
VOLT FAULT #5
Faults refreshed
TEMP FAULT #1
TEMP FAULT #2
TEMP FAULT #3
Faults refreshed
VOLT FAULT #1
VOLT FAULT #2
VOLT FAULT #3
TEMP FAULT #1
VOLT FAULT #4
VOLT FAULT #5
VOLT FAULT #6
TEMP FAULT #2
VOLT FAULT #7
VOLT FAULT #8
VOLT FAULT #9
TEMP FAULT #3
TEMP FAULT #4
Faults refreshed
%(asctime)-15s %(message)
%(asctime)-15s %(message)
%(asctime)-15s - %(level)s %(message)s
%(asctime)-15s - %(level)s %(message)s
%(asctime)-15s - %(level)s %(message)s
%(asctime)-15s - %(level)s %(message)s
2018-06-29 11:28:49,926 - WARNING TEMP FAULT #1
2018-06-29 11:28:54,996 - WARNING TEMP FAULT #2
2018-06-29 11:28:54,998 - WARNING VOLT FAULT #1
2018-06-29 11:28:59,545 - INFO Faults refreshed
2018-06-29 11:29:00,078 - WARNING VOLT FAULT #1
2018-06-29 11:29:03,116 - WARNING VOLT FAULT #2
2018-06-29 11:29:05,137 - WARNING TEMP FAULT #1
2018-06-29 11:29:05,138 - WARNING VOLT FAULT #3
2018-06-29 11:29:08,170 - WARNING TEMP FAULT #2
2018-06-29 11:29:09,178 - WARNING TEMP FAULT #3
2018-06-29 11:29:30,599 - WARNING -  VOLT FAULT #1
2018-06-29 11:29:39,752 - WARNING -  VOLT FAULT #2
2018-06-29 11:29:40,768 - WARNING -  VOLT FAULT #3
2018-06-29 11:29:43,808 - WARNING -  VOLT FAULT #4
2018-06-29 11:29:45,820 - WARNING -  VOLT FAULT #5
2018-06-29 11:29:46,828 - WARNING -  TEMP FAULT #1
2018-06-29 11:29:49,838 - WARNING -  VOLT FAULT #6
2018-06-29 11:29:50,156 - INFO -  Faults refreshed
2018-06-29 12:02:27,168 - WARNING -  TEMP FAULT #1
2018-06-29 12:02:28,188 - WARNING -  TEMP FAULT #2
2018-06-29 12:02:29,208 - WARNING -  VOLT FAULT #1
2018-06-29 12:02:32,242 - WARNING -  VOLT FAULT #2
2018-06-29 12:02:38,308 - WARNING -  VOLT FAULT #3
2018-06-29 12:02:57,542 - WARNING -  TEMP FAULT #1
2018-06-29 12:02:57,543 - WARNING -  VOLT FAULT #1
2018-06-29 12:02:59,570 - WARNING -  TEMP FAULT #2
2018-06-29 12:02:59,572 - WARNING -  VOLT FAULT #2
2018-06-29 12:03:05,472 - INFO -  Faults refreshed
2018-06-29 12:03:14,747 - WARNING -  VOLT FAULT #1
2018-06-29 12:03:17,772 - WARNING -  TEMP FAULT #1
2018-06-29 12:03:18,785 - WARNING -  TEMP FAULT #2
2018-06-29 12:06:33,368 - WARNING -  TEMP FAULT #1
2018-06-29 12:06:34,381 - WARNING -  VOLT FAULT #1
2018-06-29 12:06:36,415 - WARNING -  TEMP FAULT #2
2018-06-29 12:06:38,449 - WARNING -  VOLT FAULT #2
2018-06-29 12:06:40,483 - WARNING -  VOLT FAULT #3
2018-06-29 12:06:44,550 - WARNING -  VOLT FAULT #4
2018-06-29 12:06:46,568 - WARNING -  TEMP FAULT #3
2018-06-29 12:06:47,576 - WARNING -  TEMP FAULT #4
2018-06-29 12:08:23,609 - WARNING -  VOLT FAULT #1
2018-06-29 12:08:24,613 - WARNING -  VOLT FAULT #2
2018-06-29 12:08:38,832 - WARNING -  VOLT FAULT #1
2018-06-29 12:08:39,266 - WARNING -  VOLT FAULT #2
2018-06-29 12:08:39,916 - WARNING -  VOLT FAULT #3
2018-06-29 12:08:41,000 - WARNING -  TEMP FAULT #1
2018-06-29 12:08:43,151 - WARNING -  VOLT FAULT #4
2018-06-29 12:08:44,667 - WARNING -  TEMP FAULT #2
2018-06-29 12:08:45,101 - WARNING -  VOLT FAULT #5
2018-06-29 12:08:45,318 - WARNING -  TEMP FAULT #3
2018-06-29 12:08:45,751 - WARNING -  TEMP FAULT #4
2018-06-29 12:08:46,401 - WARNING -  TEMP FAULT #5
2018-06-29 12:08:47,268 - WARNING -  TEMP FAULT #6
2018-06-29 12:08:49,652 - WARNING -  TEMP FAULT #7
2018-06-29 12:08:51,386 - WARNING -  VOLT FAULT #6
2018-06-29 12:08:51,604 - WARNING -  VOLT FAULT #7
2018-06-29 12:08:52,036 - WARNING -  TEMP FAULT #8
2018-06-29 12:08:53,279 - WARNING -  VOLT FAULT #8
2018-06-29 12:08:54,129 - WARNING -  TEMP FAULT #9
2018-06-29 12:08:55,396 - WARNING -  VOLT FAULT #9
2018-06-29 12:08:55,606 - WARNING -  TEMP FAULT #10
2018-06-29 12:08:55,822 - WARNING -  VOLT FAULT #10
2018-06-29 12:08:56,251 - WARNING -  VOLT FAULT #11
2018-06-29 12:08:56,457 - WARNING -  VOLT FAULT #12
2018-06-29 12:08:57,091 - WARNING -  VOLT FAULT #13
2018-06-29 12:08:58,122 - WARNING -  VOLT FAULT #14
2018-06-29 12:08:58,335 - WARNING -  VOLT FAULT #15
2018-06-29 12:08:58,760 - WARNING -  TEMP FAULT #11
2018-06-29 12:08:58,976 - WARNING -  VOLT FAULT #16
2018-06-29 12:08:59,179 - WARNING -  VOLT FAULT #17
2018-06-29 12:08:59,382 - WARNING -  VOLT FAULT #18
2018-06-29 12:09:00,643 - WARNING -  VOLT FAULT #19
2018-06-29 12:09:00,848 - WARNING -  TEMP FAULT #12
2018-06-29 12:09:02,318 - WARNING -  VOLT FAULT #20
2018-06-29 12:09:02,534 - WARNING -  TEMP FAULT #13
2018-06-29 12:09:57,878 - WARNING -  VOLT FAULT #1
2018-06-29 12:09:59,727 - WARNING -  TEMP FAULT #1
2018-06-29 12:09:59,729 - WARNING -  VOLT FAULT #2
2018-06-29 12:10:00,942 - WARNING -  TEMP FAULT #2
2018-06-29 12:10:02,159 - WARNING -  VOLT FAULT #3
2018-06-29 12:10:03,376 - WARNING -  TEMP FAULT #3
2018-06-29 12:10:04,593 - WARNING -  TEMP FAULT #4
2018-06-29 12:10:06,460 - WARNING -  VOLT FAULT #4
2018-06-29 12:10:08,110 - WARNING -  TEMP FAULT #5
2018-06-29 12:10:09,761 - WARNING -  VOLT FAULT #5
2018-06-29 12:10:10,978 - WARNING -  VOLT FAULT #6
2018-06-29 12:10:12,628 - WARNING -  VOLT FAULT #7
2018-06-29 12:10:14,062 - WARNING -  TEMP FAULT #6
2018-06-29 12:10:15,270 - WARNING -  TEMP FAULT #7
2018-06-29 12:10:16,489 - WARNING -  TEMP FAULT #8
2018-06-29 12:10:16,490 - WARNING -  VOLT FAULT #8
2018-06-29 12:10:19,164 - WARNING -  VOLT FAULT #9
2018-06-29 12:10:22,247 - WARNING -  VOLT FAULT #10
2018-06-29 12:10:24,690 - WARNING -  VOLT FAULT #11
2018-06-29 12:11:16,998 - WARNING -  VOLT FAULT #1
2018-06-29 12:11:18,431 - WARNING -  VOLT FAULT #2
2018-06-29 12:11:19,865 - WARNING -  VOLT FAULT #3
2018-06-29 12:11:21,298 - WARNING -  VOLT FAULT #4
2018-06-29 12:11:22,732 - WARNING -  TEMP FAULT #1
2018-06-29 12:11:24,166 - WARNING -  TEMP FAULT #2
2018-06-29 12:11:25,383 - WARNING -  VOLT FAULT #5
2018-06-29 12:11:26,816 - WARNING -  TEMP FAULT #3
2018-06-29 12:11:28,250 - WARNING -  VOLT FAULT #6
2018-06-29 12:11:29,467 - WARNING -  TEMP FAULT #4
2018-06-29 12:11:30,946 - INFO -  Faults refreshed
2018-06-29 12:11:31,134 - WARNING -  VOLT FAULT #1
2018-06-29 12:11:32,346 - WARNING -  TEMP FAULT #1
2018-06-29 12:11:33,357 - INFO -  Faults refreshed
2018-06-29 12:11:34,822 - WARNING -  VOLT FAULT #1
2018-06-29 12:11:36,474 - WARNING -  TEMP FAULT #1
2018-06-29 12:11:38,105 - WARNING -  TEMP FAULT #2
2018-06-29 12:11:41,205 - WARNING -  VOLT FAULT #2
2018-06-29 12:11:42,839 - WARNING -  VOLT FAULT #3
2018-06-29 12:11:48,929 - WARNING -  TEMP FAULT #3
2018-06-29 12:11:50,136 - WARNING -  VOLT FAULT #4
2018-06-29 12:20:07,036 - WARNING -  VOLT FAULT #1
2018-06-29 12:20:08,692 - WARNING -  VOLT FAULT #2
2018-06-29 12:20:14,842 - WARNING -  VOLT FAULT #3
2018-06-29 12:20:17,793 - WARNING -  TEMP FAULT #1
2018-06-29 12:20:19,218 - WARNING -  TEMP FAULT #2
2018-06-29 12:20:20,645 - WARNING -  VOLT FAULT #4
2018-06-29 12:20:22,311 - WARNING -  TEMP FAULT #3
2018-06-29 12:20:23,946 - WARNING -  VOLT FAULT #5
2018-06-29 12:20:25,995 - WARNING -  TEMP FAULT #4
2018-06-29 12:20:25,996 - WARNING -  VOLT FAULT #6
2018-06-29 12:20:27,204 - WARNING -  TEMP FAULT #5
2018-06-29 12:20:29,064 - WARNING -  VOLT FAULT #7
2018-06-29 12:20:33,940 - WARNING -  TEMP FAULT #6
2018-06-29 12:21:32,254 - WARNING -  VOLT FAULT #1
2018-06-29 12:21:33,689 - WARNING -  VOLT FAULT #2
2018-06-29 12:21:37,073 - WARNING -  TEMP FAULT #1
2018-06-29 12:21:39,373 - WARNING -  TEMP FAULT #2
2018-06-29 12:21:40,807 - WARNING -  TEMP FAULT #3
2018-06-29 12:21:42,024 - WARNING -  TEMP FAULT #4
2018-06-29 12:21:43,458 - WARNING -  VOLT FAULT #3
2018-06-29 12:21:45,108 - WARNING -  VOLT FAULT #4
2018-06-29 12:21:47,826 - WARNING -  TEMP FAULT #5
2018-06-29 12:21:50,099 - WARNING -  VOLT FAULT #5
2018-06-29 12:21:54,083 - WARNING -  VOLT FAULT #6
2018-06-29 12:21:55,499 - WARNING -  VOLT FAULT #7
2018-06-29 12:21:57,132 - WARNING -  TEMP FAULT #6
2018-06-29 12:21:58,562 - WARNING -  VOLT FAULT #8
2018-06-29 12:22:00,819 - WARNING -  VOLT FAULT #9
2018-06-29 12:22:02,673 - WARNING -  TEMP FAULT #7
2018-06-29 12:22:02,674 - WARNING -  VOLT FAULT #10
2018-06-29 12:22:04,111 - WARNING -  VOLT FAULT #11
2018-06-29 12:22:05,329 - WARNING -  VOLT FAULT #12
2018-06-29 12:23:38,976 - WARNING -  TEMP FAULT #1
2018-06-29 12:23:40,849 - WARNING -  TEMP FAULT #2
2018-06-29 12:23:42,282 - WARNING -  TEMP FAULT #3
2018-06-29 12:23:43,932 - WARNING -  TEMP FAULT #4
2018-06-29 12:23:43,935 - WARNING -  VOLT FAULT #1
2018-06-29 12:23:45,367 - WARNING -  TEMP FAULT #5
2018-06-29 12:23:45,368 - WARNING -  VOLT FAULT #2
2018-06-29 12:23:47,667 - WARNING -  VOLT FAULT #3
2018-06-29 12:23:49,534 - WARNING -  TEMP FAULT #6
2018-06-29 12:23:51,401 - WARNING -  TEMP FAULT #7
2018-06-29 12:23:53,052 - WARNING -  VOLT FAULT #4
2018-06-29 12:23:55,125 - WARNING -  TEMP FAULT #8
2018-06-29 12:23:55,127 - WARNING -  VOLT FAULT #5
2018-06-29 12:23:56,339 - WARNING -  VOLT FAULT #6
2018-06-29 12:23:57,764 - WARNING -  VOLT FAULT #7
2018-06-29 12:23:58,981 - WARNING -  TEMP FAULT #9
2018-06-29 12:24:00,410 - WARNING -  VOLT FAULT #8
2018-06-29 12:24:01,617 - WARNING -  VOLT FAULT #9
2018-06-29 12:24:03,887 - WARNING -  TEMP FAULT #10
2018-06-29 12:24:05,531 - WARNING -  VOLT FAULT #10
2018-06-29 12:24:07,389 - WARNING -  TEMP FAULT #11
2018-06-29 12:24:09,232 - WARNING -  VOLT FAULT #11
2018-06-29 12:24:10,660 - WARNING -  TEMP FAULT #12
2018-06-29 12:24:10,662 - WARNING -  VOLT FAULT #12
2018-06-29 12:24:12,722 - WARNING -  VOLT FAULT #13
2018-06-29 12:24:14,800 - WARNING -  VOLT FAULT #14
2018-06-29 12:24:16,237 - WARNING -  VOLT FAULT #15
2018-06-29 12:24:17,449 - WARNING -  TEMP FAULT #13
2018-06-29 12:24:18,889 - WARNING -  VOLT FAULT #16
2018-06-29 12:24:21,378 - WARNING -  VOLT FAULT #17
2018-06-29 12:24:22,801 - WARNING -  TEMP FAULT #14
2018-06-29 12:24:25,098 - WARNING -  TEMP FAULT #15
